mode: set
github.corp.dyndns.com/Zephyr/coredns/qstring/decode.go:19.54,23.2 3 1
github.corp.dyndns.com/Zephyr/coredns/qstring/decode.go:31.47,32.19 1 1
github.corp.dyndns.com/Zephyr/coredns/qstring/decode.go:36.2,36.34 1 1
github.corp.dyndns.com/Zephyr/coredns/qstring/decode.go:39.2,39.58 1 1
github.corp.dyndns.com/Zephyr/coredns/qstring/decode.go:32.19,34.3 1 1
github.corp.dyndns.com/Zephyr/coredns/qstring/decode.go:36.34,38.3 1 1
github.corp.dyndns.com/Zephyr/coredns/qstring/decode.go:46.50,49.2 2 1
github.corp.dyndns.com/Zephyr/coredns/qstring/decode.go:51.50,53.44 2 1
github.corp.dyndns.com/Zephyr/coredns/qstring/decode.go:57.2,57.20 1 1
github.corp.dyndns.com/Zephyr/coredns/qstring/decode.go:53.44,55.3 1 1
github.corp.dyndns.com/Zephyr/coredns/qstring/decode.go:60.50,63.39 3 1
github.corp.dyndns.com/Zephyr/coredns/qstring/decode.go:93.2,93.12 1 1
github.corp.dyndns.com/Zephyr/coredns/qstring/decode.go:63.39,68.20 4 1
github.corp.dyndns.com/Zephyr/coredns/qstring/decode.go:75.3,75.44 1 1
github.corp.dyndns.com/Zephyr/coredns/qstring/decode.go:80.3,80.39 1 1
github.corp.dyndns.com/Zephyr/coredns/qstring/decode.go:68.20,71.4 1 1
github.corp.dyndns.com/Zephyr/coredns/qstring/decode.go:75.44,76.12 1 1
github.corp.dyndns.com/Zephyr/coredns/qstring/decode.go:80.39,81.40 1 1
github.corp.dyndns.com/Zephyr/coredns/qstring/decode.go:82.4,83.39 1 1
github.corp.dyndns.com/Zephyr/coredns/qstring/decode.go:84.4,85.37 1 1
github.corp.dyndns.com/Zephyr/coredns/qstring/decode.go:87.4,87.52 1 1
github.corp.dyndns.com/Zephyr/coredns/qstring/decode.go:87.52,88.27 1 1
github.corp.dyndns.com/Zephyr/coredns/qstring/decode.go:88.27,90.5 1 1
github.corp.dyndns.com/Zephyr/coredns/qstring/decode.go:98.88,102.16 3 1
github.corp.dyndns.com/Zephyr/coredns/qstring/decode.go:138.2,138.12 1 1
github.corp.dyndns.com/Zephyr/coredns/qstring/decode.go:103.2,104.25 1 1
github.corp.dyndns.com/Zephyr/coredns/qstring/decode.go:105.2,107.17 2 1
github.corp.dyndns.com/Zephyr/coredns/qstring/decode.go:110.2,112.17 2 1
github.corp.dyndns.com/Zephyr/coredns/qstring/decode.go:115.2,117.17 2 1
github.corp.dyndns.com/Zephyr/coredns/qstring/decode.go:120.2,122.17 2 1
github.corp.dyndns.com/Zephyr/coredns/qstring/decode.go:125.2,126.35 1 1
github.corp.dyndns.com/Zephyr/coredns/qstring/decode.go:107.17,109.4 1 1
github.corp.dyndns.com/Zephyr/coredns/qstring/decode.go:112.17,114.4 1 1
github.corp.dyndns.com/Zephyr/coredns/qstring/decode.go:117.17,119.4 1 1
github.corp.dyndns.com/Zephyr/coredns/qstring/decode.go:122.17,124.4 1 1
github.corp.dyndns.com/Zephyr/coredns/qstring/decode.go:127.3,130.18 3 1
github.corp.dyndns.com/Zephyr/coredns/qstring/decode.go:133.3,134.18 1 0
github.corp.dyndns.com/Zephyr/coredns/qstring/decode.go:130.18,132.5 1 1
github.corp.dyndns.com/Zephyr/coredns/qstring/decode.go:145.95,153.26 7 1
github.corp.dyndns.com/Zephyr/coredns/qstring/decode.go:161.2,162.12 2 1
github.corp.dyndns.com/Zephyr/coredns/qstring/decode.go:153.26,156.17 3 1
github.corp.dyndns.com/Zephyr/coredns/qstring/decode.go:159.3,159.54 1 1
github.corp.dyndns.com/Zephyr/coredns/qstring/decode.go:156.17,158.4 1 1
github.corp.dyndns.com/Zephyr/coredns/qstring/encode.go:18.55,22.2 3 1
github.corp.dyndns.com/Zephyr/coredns/qstring/encode.go:26.45,28.16 2 1
github.corp.dyndns.com/Zephyr/coredns/qstring/encode.go:31.2,31.27 1 1
github.corp.dyndns.com/Zephyr/coredns/qstring/encode.go:28.16,30.3 1 1
github.corp.dyndns.com/Zephyr/coredns/qstring/encode.go:40.45,41.19 1 1
github.corp.dyndns.com/Zephyr/coredns/qstring/encode.go:45.2,45.34 1 1
github.corp.dyndns.com/Zephyr/coredns/qstring/encode.go:48.2,48.56 1 1
github.corp.dyndns.com/Zephyr/coredns/qstring/encode.go:41.19,43.3 1 1
github.corp.dyndns.com/Zephyr/coredns/qstring/encode.go:45.34,47.3 1 1
github.corp.dyndns.com/Zephyr/coredns/qstring/encode.go:55.48,58.2 2 1
github.corp.dyndns.com/Zephyr/coredns/qstring/encode.go:60.49,62.44 2 1
github.corp.dyndns.com/Zephyr/coredns/qstring/encode.go:66.2,66.20 1 1
github.corp.dyndns.com/Zephyr/coredns/qstring/encode.go:62.44,64.3 1 1
github.corp.dyndns.com/Zephyr/coredns/qstring/encode.go:69.64,75.39 5 1
github.corp.dyndns.com/Zephyr/coredns/qstring/encode.go:103.2,103.20 1 1
github.corp.dyndns.com/Zephyr/coredns/qstring/encode.go:75.39,80.20 4 1
github.corp.dyndns.com/Zephyr/coredns/qstring/encode.go:87.3,87.71 1 1
github.corp.dyndns.com/Zephyr/coredns/qstring/encode.go:92.3,92.39 1 1
github.corp.dyndns.com/Zephyr/coredns/qstring/encode.go:80.20,83.4 1 1
github.corp.dyndns.com/Zephyr/coredns/qstring/encode.go:87.71,88.12 1 1
github.corp.dyndns.com/Zephyr/coredns/qstring/encode.go:93.3,94.51 1 1
github.corp.dyndns.com/Zephyr/coredns/qstring/encode.go:95.3,96.45 1 1
github.corp.dyndns.com/Zephyr/coredns/qstring/encode.go:97.3,98.66 1 1
github.corp.dyndns.com/Zephyr/coredns/qstring/encode.go:99.3,100.48 1 1
github.corp.dyndns.com/Zephyr/coredns/qstring/encode.go:106.49,108.35 2 1
github.corp.dyndns.com/Zephyr/coredns/qstring/encode.go:111.2,111.12 1 1
github.corp.dyndns.com/Zephyr/coredns/qstring/encode.go:108.35,110.3 1 1
github.corp.dyndns.com/Zephyr/coredns/qstring/encode.go:114.68,115.16 1 1
github.corp.dyndns.com/Zephyr/coredns/qstring/encode.go:132.2,132.11 1 0
github.corp.dyndns.com/Zephyr/coredns/qstring/encode.go:116.2,117.24 1 1
github.corp.dyndns.com/Zephyr/coredns/qstring/encode.go:118.2,119.42 1 1
github.corp.dyndns.com/Zephyr/coredns/qstring/encode.go:120.2,121.44 1 1
github.corp.dyndns.com/Zephyr/coredns/qstring/encode.go:122.2,123.46 1 1
github.corp.dyndns.com/Zephyr/coredns/qstring/encode.go:124.2,125.57 1 1
github.corp.dyndns.com/Zephyr/coredns/qstring/encode.go:126.2,127.35 1 1
github.corp.dyndns.com/Zephyr/coredns/qstring/encode.go:128.3,129.61 1 1
github.corp.dyndns.com/Zephyr/coredns/qstring/encode.go:135.103,137.34 2 1
github.corp.dyndns.com/Zephyr/coredns/qstring/encode.go:153.2,153.12 1 1
github.corp.dyndns.com/Zephyr/coredns/qstring/encode.go:138.2,139.51 1 1
github.corp.dyndns.com/Zephyr/coredns/qstring/encode.go:140.2,142.22 2 1
github.corp.dyndns.com/Zephyr/coredns/qstring/encode.go:146.3,146.17 1 1
github.corp.dyndns.com/Zephyr/coredns/qstring/encode.go:149.3,149.31 1 1
github.corp.dyndns.com/Zephyr/coredns/qstring/encode.go:142.22,144.4 1 1
github.corp.dyndns.com/Zephyr/coredns/qstring/encode.go:146.17,148.4 1 0
github.corp.dyndns.com/Zephyr/coredns/qstring/encode.go:149.31,151.4 1 1
github.corp.dyndns.com/Zephyr/coredns/qstring/utils.go:8.41,9.18 1 1
github.corp.dyndns.com/Zephyr/coredns/qstring/utils.go:23.2,23.14 1 1
github.corp.dyndns.com/Zephyr/coredns/qstring/utils.go:10.2,11.22 1 1
github.corp.dyndns.com/Zephyr/coredns/qstring/utils.go:12.2,13.19 1 1
github.corp.dyndns.com/Zephyr/coredns/qstring/utils.go:14.2,15.22 1 1
github.corp.dyndns.com/Zephyr/coredns/qstring/utils.go:16.2,17.23 1 1
github.corp.dyndns.com/Zephyr/coredns/qstring/utils.go:18.2,19.24 1 1
github.corp.dyndns.com/Zephyr/coredns/qstring/utils.go:20.2,21.19 1 1
